<?xml version="1.0" encoding="utf-8"?><testsuites><testsuite name="pytest" errors="0" failures="0" skipped="0" tests="3" time="3.756" timestamp="2024-03-27T10:07:20.538253" hostname="1b1efe6282c0"><testcase classname="tests.test_prediction" name="test_single_pred_not_none" time="0.165" /><testcase classname="tests.test_prediction" name="test_single_pred_str_type" time="0.049" /><testcase classname="tests.test_prediction" name="test_single_pred_validate" time="0.062" /></testsuite></testsuites>